<?xml version="1.0" encoding="UTF-8"?>
<testsuite name="ChuckNorrisTest" tests="1" skipped="0" failures="0" errors="0" timestamp="2024-08-01T22:39:25" hostname="James-MacBookPro-New.local" time="0.051">
  <properties/>
  <testcase name="start" classname="ChuckNorrisTest" time="0.051"/>
  <system-out><![CDATA[?[1;31m
Start test 1?[0m
Input String
> greetings!
?[1;31m
Start test 2?[0m
Input String
> hello world!
?[1;31m
Start test 3?[0m
Input String
>   
?[1;31m
Start test 4?[0m
Input String
> h e l l o   w o r l d !
?[1;31m
Start test 5?[0m
Input String
> 
]]></system-out>
  <system-err><![CDATA[]]></system-err>
</testsuite>
